<?xml version="1.0" encoding="UTF-8"?>
<testsuite name="org.example.PasswordValidatorTest" tests="1" skipped="0" failures="0" errors="0" timestamp="2022-09-01T10:18:17" hostname="DESKTOP-H4JGC89" time="0.129">
  <properties/>
  <testcase name="鍮꾨�踰덊샇媛� 理쒖냼 8�옄 �씠�긽, 12�옄 �씠�븯硫� �삁�쇅媛� 諛쒖깮�븯吏� �븡�뒗�떎." classname="org.example.PasswordValidatorTest" time="0.129"/>
  <system-out><![CDATA[]]></system-out>
  <system-err><![CDATA[]]></system-err>
</testsuite>
