<?xml version="1.0" encoding="UTF-8"?>
<testsuite name="org.example.PasswordValidatorTest" tests="5" skipped="0" failures="0" errors="0" timestamp="2022-09-01T13:54:38" hostname="DESKTOP-H4JGC89" time="0.806">
  <properties/>
  <testcase name="鍮꾨�踰덊샇媛� 理쒖냼 8�옄 �씠�긽, 12�옄 �씠�븯硫� �삁�쇅媛� 諛쒖깮�븯吏� �븡�뒗�떎." classname="org.example.PasswordValidatorTest" time="0.278"/>
  <testcase name="[1] aabbcce" classname="org.example.PasswordValidatorTest" time="0.103"/>
  <testcase name="[2] aabbccddeeffg" classname="org.example.PasswordValidatorTest" time="0.001"/>
  <testcase name="鍮꾨�踰덊샇媛� 8�옄 誘몃쭔 �삉�뒗 12�옄 珥덇낵�븯�뒗 寃쎌슦 IllegalArgumentException �삁�쇅媛� 諛쒖깮�븳�떎." classname="org.example.PasswordValidatorTest" time="0.002"/>
  <testcase name="鍮꾨�踰덊샇媛� 理쒖냼 8�옄 �씠�긽, 12�옄 �씠�븯硫� �삁�쇅媛� 諛쒖깮�븯吏� �븡�뒗�떎." classname="org.example.PasswordValidatorTest" time="0.003"/>
  <system-out><![CDATA[]]></system-out>
  <system-err><![CDATA[]]></system-err>
</testsuite>
